ERROR : at 15:15:54 15-10-2022 from H:\4. Computer Science\ProjectClass12\Mike-Romeo\Codebase\ErrorLogs\logging.py 
Unable to get Priority Color due to Invalid Priority Level input
ERROR : at 15:16:28 15-10-2022 from H:\4. Computer Science\ProjectClass12\Mike-Romeo\Codebase\ErrorLogs\logging.py 
Unable to get Priority Color due to Invalid Priority Level input
ERROR : at 15:25:32 15-10-2022 from H:\4. Computer Science\ProjectClass12\Mike-Romeo\Codebase\ErrorLogs\logging.py 
Unable to get Priority Color due to Invalid Priority Level input
LOG : at 15:33:55 15-10-2022 from H:\4. Computer Science\ProjectClass12\Mike-Romeo\Codebase\ErrorLogs\logging.py 
Class initialised
ERROR : at 07:00:14 01-11-2022 from H:\4. Computer Science\ProjectClass12\Mike-Romeo\Codebase\ErrorLogs\logging.py 
CRITICAL: Database could not be initialised. Check Start Logs for more information
ERROR : at 07:00:36 01-11-2022 from H:\4. Computer Science\ProjectClass12\Mike-Romeo\Codebase\ErrorLogs\logging.py 
CRITICAL: Database could not be initialised. Check Start Logs for more information
STARTUP : at 07:00:58 01-11-2022 from H:\4. Computer Science\ProjectClass12\Mike-Romeo\Codebase\ErrorLogs\logging.py 
TABLE projects exists with Attributes id INTEGER PRIMARY KEY, parentid INTEGER, title TEXT NOT NULL, color TEXT NOT NULL, sectioncount INTEGER NOT NULL, projectcount INTEGER NOT NULL, projecttemplate INTEGER
STARTUP : at 07:00:58 01-11-2022 from H:\4. Computer Science\ProjectClass12\Mike-Romeo\Codebase\ErrorLogs\logging.py 
TABLE labels exists with Attributes title TEXT PRIMARY KEY, color TEXT NOT NULL,taskcount INTEGER NOT NULL
STARTUP : at 07:00:58 01-11-2022 from H:\4. Computer Science\ProjectClass12\Mike-Romeo\Codebase\ErrorLogs\logging.py 
TABLE tasks exists with Attributes taskid INTEGER PRIMARY KEY, title TEXT NOT NULL, parentid INTEGER NOT NULL, sectionid INTEGER, priority INTEGER NOT NULL, color INTEGER NOT NULL, tasktemplate INTEGER
STARTUP : at 07:00:58 01-11-2022 from H:\4. Computer Science\ProjectClass12\Mike-Romeo\Codebase\ErrorLogs\logging.py 
TABLE sections exists with Attributes sectionid INTEGER PRIMARY KEY, title TEXT NOT NULL, taskcount INTEGER NOT NULL, parentprojectid INTEGER NOT NULL, sectiontemplate INTEGER
STARTUP : at 07:00:58 01-11-2022 from H:\4. Computer Science\ProjectClass12\Mike-Romeo\Codebase\ErrorLogs\logging.py 
TABLE colors exists with Attributes level INTEGER PRIMARY KEY, hexcode TEXT NOT NULL
STARTUP : at 07:01:01 01-11-2022 from H:\4. Computer Science\ProjectClass12\Mike-Romeo\Codebase\ErrorLogs\logging.py 
TABLE projects exists with Attributes id INTEGER PRIMARY KEY, parentid INTEGER, title TEXT NOT NULL, color TEXT NOT NULL, sectioncount INTEGER NOT NULL, projectcount INTEGER NOT NULL, projecttemplate INTEGER
STARTUP : at 07:01:01 01-11-2022 from H:\4. Computer Science\ProjectClass12\Mike-Romeo\Codebase\ErrorLogs\logging.py 
TABLE labels exists with Attributes title TEXT PRIMARY KEY, color TEXT NOT NULL,taskcount INTEGER NOT NULL
STARTUP : at 07:01:01 01-11-2022 from H:\4. Computer Science\ProjectClass12\Mike-Romeo\Codebase\ErrorLogs\logging.py 
TABLE tasks exists with Attributes taskid INTEGER PRIMARY KEY, title TEXT NOT NULL, parentid INTEGER NOT NULL, sectionid INTEGER, priority INTEGER NOT NULL, color INTEGER NOT NULL, tasktemplate INTEGER
STARTUP : at 07:01:01 01-11-2022 from H:\4. Computer Science\ProjectClass12\Mike-Romeo\Codebase\ErrorLogs\logging.py 
TABLE sections exists with Attributes sectionid INTEGER PRIMARY KEY, title TEXT NOT NULL, taskcount INTEGER NOT NULL, parentprojectid INTEGER NOT NULL, sectiontemplate INTEGER
STARTUP : at 07:01:01 01-11-2022 from H:\4. Computer Science\ProjectClass12\Mike-Romeo\Codebase\ErrorLogs\logging.py 
TABLE colors exists with Attributes level INTEGER PRIMARY KEY, hexcode TEXT NOT NULL